"../../../ShooterGame1/Content/FirstPerson/Character/Textures/UE4_LOGO_CARD.uasset" 0
"../../../ShooterGame1/Content/FirstPerson/FPWeapon/Materials/MaterialLayers/ML_Plastic_Shiny_Beige_LOGO.uasset" 1
"../../../ShooterGame1/Content/FirstPerson/FPWeapon/Materials/MaterialLayers/T_ML_FineRubber.uasset" 2
"../../../ShooterGame1/Content/FirstPerson/FPWeapon/Mesh/SK_FPGun_PhysicsAsset.uasset" 3
"../../../ShooterGame1/Content/FirstPerson/Meshes/BaseMaterial1.uasset" 4
"../../../ShooterGame1/Content/FirstPerson/Meshes/BaseMaterial.uasset" 5
"../../../ShooterGame1/Content/FirstPerson/Meshes/FirstPerson.uasset" 6
"../../../ShooterGame1/Content/FirstPerson/Meshes/FirstPersonProjectileBlue.uasset" 7
"../../../ShooterGame1/Content/FirstPerson/Meshes/FirstPersonProjectileGreen.uasset" 8
"../../../ShooterGame1/Content/FirstPerson/Meshes/FirstPersonProjectileMaterialBlue.uasset" 9
"../../../ShooterGame1/Content/FirstPerson/Meshes/FirstPersonProjectileRed.uasset" 10
"../../../ShooterGame1/Content/FirstPerson/Meshes/GreenTargetMaterial.uasset" 11
"../../../ShooterGame1/Content/FirstPerson/Meshes/ProjectileBlue.uasset" 12
"../../../ShooterGame1/Content/FirstPerson/Textures/FirstPersonCrosshair.uasset" 13
"../../../Engine/Content/EditorBlueprintResources/StandardMacros.uasset" 14
"../../../ShooterGame1/Content/FirstPerson/Textures/blue_target.uasset" 15
"../../../ShooterGame1/Content/FirstPerson/Textures/blue_target_Mat.uasset" 16
"../../../ShooterGame1/Content/FirstPerson/Meshes/Cylinder.uasset" 17
"../../../ShooterGame1/Content/FirstPersonCPP/Blueprints/BlueTarget_Blueprint.uasset" 18
"../../../ShooterGame1/Content/FirstPerson/Character/Mesh/SK_Mannequin_Arms_Skeleton.uasset" 19
"../../../ShooterGame1/Content/FirstPerson/Animations/FirstPerson_Idle.uasset" 20
"../../../ShooterGame1/Content/FirstPerson/Animations/FirstPerson_JumpEnd.uasset" 21
"../../../ShooterGame1/Content/FirstPerson/Animations/FirstPerson_JumpLoop.uasset" 22
"../../../ShooterGame1/Content/FirstPerson/Animations/FirstPerson_JumpStart.uasset" 23
"../../../ShooterGame1/Content/FirstPerson/Animations/FirstPerson_Run.uasset" 24
"../../../ShooterGame1/Content/FirstPerson/Animations/FirstPerson_AnimBP.uasset" 25
"../../../ShooterGame1/Content/FirstPerson/Animations/FirstPerson_Fire.uasset" 26
"../../../ShooterGame1/Content/FirstPerson/Animations/FirstPersonFire_Montage.uasset" 27
"../../../ShooterGame1/Content/FirstPerson/Audio/FirstPersonTemplateWeaponFire02.uasset" 28
"../../../Engine/Content/Functions/Engine_MaterialFunctions02/Utility/BlendAngleCorrectedNormals.uasset" 29
"../../../Engine/Content/Functions/MaterialLayerFunctions/MatLayerBlend_NormalBlend.uasset" 30
"../../../Engine/Content/Functions/MaterialLayerFunctions/MatLayerBlend_Simple.uasset" 31
"../../../ShooterGame1/Content/FirstPerson/Character/Materials/MaterialLayers/T_ML_Rubber_Blue_01_D.uasset" 32
"../../../ShooterGame1/Content/FirstPerson/Character/Materials/MaterialLayers/T_ML_Rubber_Blue_01_N.uasset" 33
"../../../ShooterGame1/Content/FirstPerson/Character/Materials/MaterialLayers/ML_GlossyBlack_Latex_UE4.uasset" 34
"../../../ShooterGame1/Content/FirstPerson/Character/Materials/MaterialLayers/ML_Plastic_Shiny_Beige.uasset" 35
"../../../ShooterGame1/Content/FirstPerson/Character/Materials/MaterialLayers/ML_Plastic_Shiny_Beige_LOGO.uasset" 36
"../../../ShooterGame1/Content/FirstPerson/Character/Materials/MaterialLayers/T_ML_Aluminum01.uasset" 37
"../../../ShooterGame1/Content/FirstPerson/Character/Materials/MaterialLayers/T_ML_Aluminum01_N.uasset" 38
"../../../ShooterGame1/Content/FirstPerson/Character/Materials/MaterialLayers/ML_SoftMetal_UE4.uasset" 39
"../../../ShooterGame1/Content/FirstPerson/Character/Textures/UE4_Mannequin__normals.uasset" 40
"../../../ShooterGame1/Content/FirstPerson/Character/Textures/UE4_Mannequin_MAT_MASKA.uasset" 41
"../../../ShooterGame1/Content/FirstPerson/Character/Materials/M_UE4Man_Body.uasset" 42
"../../../ShooterGame1/Content/FirstPerson/Character/Mesh/SK_Mannequin_Arms_PhysicsAsset.uasset" 43
"../../../ShooterGame1/Content/FirstPerson/Character/Mesh/SK_Mannequin_Arms.uasset" 44
"../../../ShooterGame1/Content/FirstPerson/FPWeapon/Materials/MaterialLayers/T_ML_Rubber_Blue_01_D.uasset" 45
"../../../ShooterGame1/Content/FirstPerson/FPWeapon/Materials/MaterialLayers/T_ML_Rubber_Blue_01_N.uasset" 46
"../../../ShooterGame1/Content/FirstPerson/FPWeapon/Materials/MaterialLayers/ML_GlossyBlack_Latex_UE4.uasset" 47
"../../../ShooterGame1/Content/FirstPerson/FPWeapon/Materials/MaterialLayers/ML_Plastic_Shiny_Beige.uasset" 48
"../../../ShooterGame1/Content/FirstPerson/FPWeapon/Materials/MaterialLayers/ML_Screen.uasset" 49
"../../../ShooterGame1/Content/FirstPerson/FPWeapon/Materials/MaterialLayers/T_ML_Aluminum01.uasset" 50
"../../../ShooterGame1/Content/FirstPerson/FPWeapon/Materials/MaterialLayers/T_ML_Aluminum01_N.uasset" 51
"../../../ShooterGame1/Content/FirstPerson/FPWeapon/Materials/MaterialLayers/ML_SoftMetal_UE4.uasset" 52
"../../../ShooterGame1/Content/FirstPerson/FPWeapon/Textures/T_FPGun_M.uasset" 53
"../../../ShooterGame1/Content/FirstPerson/FPWeapon/Textures/T_FPGun_N.uasset" 54
"../../../ShooterGame1/Content/FirstPerson/FPWeapon/Materials/M_FPGun.uasset" 55
"../../../ShooterGame1/Content/FirstPerson/FPWeapon/Mesh/SK_FPGun_Skeleton.uasset" 56
"../../../ShooterGame1/Content/FirstPerson/FPWeapon/Mesh/SK_FPGun.uasset" 57
"../../../ShooterGame1/Content/FirstPersonCPP/Blueprints/FirstPersonCharacter.uasset" 58
"../../../ShooterGame1/Content/FirstPerson/Textures/green_target.uasset" 59
"../../../ShooterGame1/Content/FirstPerson/Textures/green_target_Mat.uasset" 60
"../../../ShooterGame1/Content/FirstPersonCPP/Blueprints/GreenTarget_Blueprint.uasset" 61
"../../../ShooterGame1/Content/FirstPerson/Textures/red_target.uasset" 62
"../../../ShooterGame1/Content/FirstPerson/Textures/red_target_Mat.uasset" 63
"../../../ShooterGame1/Content/FirstPersonCPP/Blueprints/RedTargetBlueprint.uasset" 64
"../../../ShooterGame1/Content/FirstPerson/Meshes/FirstPersonProjectileMaterialBlack.uasset" 65
"../../../ShooterGame1/Content/FirstPerson/Meshes/FirstPersonProjectileMaterialGreen.uasset" 66
"../../../ShooterGame1/Content/FirstPerson/Meshes/FirstPersonProjectileMaterialRed.uasset" 67
"../../../ShooterGame1/Content/FirstPerson/Meshes/FirstPersonProjectileMaterial.uasset" 68
"../../../ShooterGame1/Content/FirstPerson/Meshes/FirstPersonProjectileMesh.uasset" 69
"../../../ShooterGame1/Content/FirstPersonCPP/Blueprints/FirstPersonProjectile.uasset" 70
"../../../ShooterGame1/Content/FirstPersonCPP/Blueprints/BaseTarget_Blueprint.uasset" 71
"../../../ShooterGame1/Content/FirstPersonCPP/Blueprints/BaseTarget_Blueprint1.uasset" 72
"../../../ShooterGame1/Content/FirstPersonCPP/Blueprints/BaseTarget_Blueprint2.uasset" 73
"../../../ShooterGame1/Content/FirstPersonCPP/Blueprints/RedTarget_Blueprint.uasset" 74
"../../../ShooterGame1/Content/Geometry/Meshes/CubeMaterial.uasset" 75
"../../../ShooterGame1/Content/Geometry/Meshes/1M_Cube_Chamfer.uasset" 76
"../../../ShooterGame1/Content/Geometry/Meshes/TemplateFloor.uasset" 77
"../../../ShooterGame1/Content/StarterContent/Materials/M_Basic_Wall.uasset" 78
"../../../ShooterGame1/Content/StarterContent/Architecture/Pillar_50x500.uasset" 79
"../../../ShooterGame1/Content/StarterContent/Architecture/Wall_400x300.uasset" 80
"../../../ShooterGame1/Content/StarterContent/Architecture/Wall_400x400.uasset" 81
"../../../ShooterGame1/Content/StarterContent/Architecture/Wall_500x500.uasset" 82
"../../../ShooterGame1/Content/StarterContent/Architecture/Wall_Door_400x400.uasset" 83
"../../../ShooterGame1/Content/StarterContent/Architecture/Wall_Window_400x400.uasset" 84
"../../../ShooterGame1/Content/StarterContent/Audio/Light01_Cue.uasset" 85
"../../../ShooterGame1/Content/StarterContent/Audio/Light02_Cue.uasset" 86
"../../../ShooterGame1/Content/StarterContent/Audio/Explosion_Cue.uasset" 87
"../../../ShooterGame1/Content/StarterContent/Textures/T_Burst_M.uasset" 88
"../../../ShooterGame1/Content/StarterContent/Particles/Materials/M_Burst.uasset" 89
"../../../ShooterGame1/Content/StarterContent/Textures/T_Explosion_SubUV.uasset" 90
"../../../ShooterGame1/Content/StarterContent/Particles/Materials/M_explosion_subUV.uasset" 91
"../../../ShooterGame1/Content/StarterContent/Particles/Materials/m_flare_01.uasset" 92
"../../../Engine/Content/Functions/Engine_MaterialFunctions01/Gradient/RadialGradient.uasset" 93
"../../../ShooterGame1/Content/StarterContent/Particles/Materials/M_radial_ramp.uasset" 94
"../../../ShooterGame1/Content/StarterContent/Textures/T_Smoke_SubUV.uasset" 95
"../../../ShooterGame1/Content/StarterContent/Textures/T_Smoke_Tiled_D.uasset" 96
"../../../ShooterGame1/Content/StarterContent/Particles/Materials/M_smoke_subUV.uasset" 97
"../../../ShooterGame1/Content/StarterContent/Particles/P_Explosion.uasset" 98
"../../../ShooterGame1/Content/StarterContent/Blueprints/Blueprint_Effect_Explosion.uasset" 99
"../../../Engine/Content/EditorMeshes/ColorCalibrator/T_ColorGrid.uasset" 100
"../../../ShooterGame1/Content/StarterContent/Materials/M_ColorGrid_LowSpec.uasset" 101
"../../../ShooterGame1/Content/StarterContent/Textures/T_Bush_D.uasset" 102
"../../../ShooterGame1/Content/StarterContent/Textures/T_Bush_N.uasset" 103
"../../../ShooterGame1/Content/StarterContent/Props/Materials/M_Bush.uasset" 104
"../../../ShooterGame1/Content/StarterContent/Props/SM_Bush.uasset" 105
"../../../ShooterGame1/Content/StarterContent/Textures/T_Chair_M.uasset" 106
"../../../ShooterGame1/Content/StarterContent/Textures/T_Chair_N.uasset" 107
"../../../ShooterGame1/Content/StarterContent/Props/Materials/M_Chair.uasset" 108
"../../../ShooterGame1/Content/StarterContent/Props/SM_Couch.uasset" 109
"../../../ShooterGame1/Content/StarterContent/Materials/M_Glass.uasset" 110
"../../../ShooterGame1/Content/StarterContent/Textures/T_Door_M.uasset" 111
"../../../ShooterGame1/Content/StarterContent/Textures/T_Door_N.uasset" 112
"../../../ShooterGame1/Content/StarterContent/Props/Materials/M_Door.uasset" 113
"../../../ShooterGame1/Content/StarterContent/Props/SM_Door.uasset" 114
"../../../ShooterGame1/Content/StarterContent/Props/Materials/M_MaterialSphere.uasset" 115
"../../../ShooterGame1/Content/StarterContent/Props/Materials/M_MaterialSphere_Plain.uasset" 116
"../../../ShooterGame1/Content/StarterContent/Props/SM_MatPreviewMesh_02.uasset" 117
"../../../ShooterGame1/Content/StarterContent/Textures/T_Detail_Rocky_N.uasset" 118
"../../../ShooterGame1/Content/StarterContent/Textures/T_Rock_Basalt_D.uasset" 119
"../../../ShooterGame1/Content/StarterContent/Textures/T_RockMesh_M.uasset" 120
"../../../ShooterGame1/Content/StarterContent/Textures/T_RockMesh_N.uasset" 121
"../../../ShooterGame1/Content/StarterContent/Props/Materials/M_Rock.uasset" 122
"../../../ShooterGame1/Content/StarterContent/Props/SM_Rock.uasset" 123
"../../../ShooterGame1/Content/StarterContent/Textures/T_Shelf_M.uasset" 124
"../../../ShooterGame1/Content/StarterContent/Textures/T_Shelf_N.uasset" 125
"../../../ShooterGame1/Content/StarterContent/Props/Materials/M_Shelf.uasset" 126
"../../../ShooterGame1/Content/StarterContent/Props/SM_Shelf.uasset" 127
"../../../ShooterGame1/Content/StarterContent/Materials/M_Basic_Floor.uasset" 128
"../../../ShooterGame1/Content/StarterContent/Props/SM_Stairs.uasset" 129
"../../../ShooterGame1/Content/StarterContent/Shapes/Shape_Cone.uasset" 130
"../../../ShooterGame1/Content/StarterContent/Shapes/Shape_Cylinder.uasset" 131
"../../../ShooterGame1/Content/StarterContent/Shapes/Shape_NarrowCapsule.uasset" 132
"../../../ShooterGame1/Content/StarterContent/Shapes/Shape_Pipe.uasset" 133
"../../../ShooterGame1/Content/StarterContent/Shapes/Shape_Pipe_180.uasset" 134
"../../../ShooterGame1/Content/StarterContent/Shapes/Shape_Pipe_90.uasset" 135
"../../../ShooterGame1/Content/StarterContent/Shapes/Shape_Plane.uasset" 136
"../../../ShooterGame1/Content/StarterContent/Shapes/Shape_Torus.uasset" 137
"../../../ShooterGame1/Content/StarterContent/Shapes/Shape_Trim.uasset" 138
"../../../ShooterGame1/Content/StarterContent/Shapes/Shape_Trim_90_In.uasset" 139
"../../../ShooterGame1/Content/StarterContent/Shapes/Shape_Trim_90_Out.uasset" 140
"../../../ShooterGame1/Content/StarterContent/Shapes/Shape_TriPyramid.uasset" 141
"../../../ShooterGame1/Content/StarterContent/Shapes/Shape_Tube.uasset" 142
"../../../ShooterGame1/Content/StarterContent/Shapes/Shape_Wedge_A.uasset" 143
"../../../ShooterGame1/Content/StarterContent/Shapes/Shape_Wedge_B.uasset" 144
"../../../ShooterGame1/Content/StarterContent/Shapes/Shape_WideCapsule.uasset" 145
"../../../Engine/Content/Functions/Engine_MaterialFunctions01/Opacity/CameraDepthFade.uasset" 146
"../../../Engine/Content/EngineMaterials/T_Default_Material_Grid_M.uasset" 147
"../../../Engine/Content/EngineMaterials/T_Default_Material_Grid_N.uasset" 148
"../../../Engine/Content/EngineMaterials/DefaultMaterial.uasset" 149
"../../../Engine/Content/BasicShapes/Cone.uasset" 150
"../../../Engine/Content/EngineMaterials/WorldGridMaterial.uasset" 151
"../../../Engine/Content/BasicShapes/Cube.uasset" 152
"../../../Engine/Content/BasicShapes/Cylinder.uasset" 153
"../../../Engine/Content/BasicShapes/Plane.uasset" 154
"../../../Engine/Content/BasicShapes/Sphere.uasset" 155
"../../../Engine/Content/EditorLandscapeResources/DataLayer.uasset" 156
"../../../Engine/Content/EditorMaterials/GizmoMaterial.uasset" 157
"../../../Engine/Content/EditorMaterials/MAT_Groups_Toggle.uasset" 158
"../../../Engine/Content/EditorMaterials/MAT_Groups_Visibility.uasset" 159
"../../../Engine/Content/EditorMaterials/PreviewShadowIndicator.uasset" 160
"../../../Engine/Content/EditorMaterials/PreviewShadowIndicatorMaterial.uasset" 161
"../../../Engine/Content/EditorMaterials/MatineeGroups/MAT_ColorTrack.uasset" 162
"../../../Engine/Content/EditorMaterials/MatineeGroups/MAT_Groups_Anim.uasset" 163
"../../../Engine/Content/EditorMaterials/MatineeGroups/MAT_Groups_AudioMaster.uasset" 164
"../../../Engine/Content/EditorMaterials/MatineeGroups/MAT_Groups_Director.uasset" 165
"../../../Engine/Content/EditorMaterials/MatineeGroups/MAT_Groups_Event.uasset" 166
"../../../Engine/Content/EditorMaterials/MatineeGroups/MAT_Groups_Fade.uasset" 167
"../../../Engine/Content/EditorMaterials/MatineeGroups/MAT_Groups_Float.uasset" 168
"../../../Engine/Content/EditorMaterials/MatineeGroups/MAT_Groups_Move.uasset" 169
"../../../Engine/Content/EditorMaterials/MatineeGroups/MAT_Groups_Slomo.uasset" 170
"../../../Engine/Content/EditorMaterials/MatineeGroups/MAT_Groups_Sound.uasset" 171
"../../../Engine/Content/EditorMaterials/MatineeGroups/MAT_Groups_Vector.uasset" 172
"../../../Engine/Content/EditorMaterials/ParticleSystems/PSysThumbnail_NoImage.uasset" 173
"../../../Engine/Content/EditorMaterials/ParticleSystems/PSysThumbnail_OOD.uasset" 174
"../../../Engine/Content/EditorMaterials/Camera/CineMat.uasset" 175
"../../../Engine/Content/EditorMaterials/Camera/MI_CineMat_Rig.uasset" 176
"../../../Engine/Content/EditorMeshes/Camera/SM_CraneRig_Arm.uasset" 177
"../../../Engine/Content/EditorMeshes/Camera/SM_CraneRig_Base.uasset" 178
"../../../Engine/Content/EditorMeshes/Camera/SM_CraneRig_Body.uasset" 179
"../../../Engine/Content/EditorMeshes/Camera/SM_CraneRig_Mount.uasset" 180
"../../../Engine/Content/EditorMeshes/Camera/SM_RailRig_Mount.uasset" 181
"../../../Engine/Content/EditorMeshes/Camera/SM_RailRig_Track.uasset" 182
"../../../Engine/Content/EditorResources/BSPVertex.uasset" 183
"../../../Engine/Content/EditorResources/EmptyActor.uasset" 184
"../../../Engine/Content/EditorResources/S_Actor.uasset" 185
"../../../Engine/Content/EditorResources/S_Trigger.uasset" 186
"../../../Engine/Content/EditorResources/AudioIcons/S_AudioComponent.uasset" 187
"../../../Engine/Content/EditorResources/AudioIcons/S_AudioComponent_AutoActivate.uasset" 188
"../../../Engine/Content/EditorResources/LightIcons/S_LightError.uasset" 189
"../../../Engine/Content/EditorResources/SequenceRecorder/Countdown.uasset" 190
"../../../Engine/Content/EditorResources/SequenceRecorder/RecordingIndicator.uasset" 191
"../../../Engine/Content/EditorSounds/Notifications/CompileFailed.uasset" 192
"../../../Engine/Content/EditorSounds/Notifications/CompileFailed_Cue.uasset" 193
"../../../Engine/Content/EditorSounds/Notifications/CompileSuccess.uasset" 194
"../../../Engine/Content/EditorSounds/Notifications/CompileStart_Cue.uasset" 195
"../../../Engine/Content/EditorSounds/Notifications/CompileSuccess_Cue.uasset" 196
"../../../Engine/Content/EngineDamageTypes/DmgTypeBP_Environmental.uasset" 197
"../../../Engine/Content/EngineDebugMaterials/HeatmapGradient.uasset" 198
"../../../Engine/Content/EngineDebugMaterials/BoneWeightMaterial.uasset" 199
"../../../Engine/Content/EngineDebugMaterials/ClothMaterial.uasset" 200
"../../../Engine/Content/EngineDebugMaterials/ClothMaterial_WF.uasset" 201
"../../../Engine/Content/EngineDebugMaterials/DebugEditorMaterial.uasset" 202
"../../../Engine/Content/EngineDebugMaterials/DebugMeshMaterial.uasset" 203
"../../../Engine/Content/EngineDebugMaterials/GeomMaterial.uasset" 204
"../../../Engine/Content/EngineFonts/Faces/RobotoBold.uasset" 205
"../../../Engine/Content/EngineFonts/Faces/RobotoBoldItalic.uasset" 206
"../../../Engine/Content/EngineFonts/Faces/RobotoItalic.uasset" 207
"../../../Engine/Content/EngineFonts/Faces/RobotoLight.uasset" 208
"../../../Engine/Content/EngineFonts/Faces/RobotoRegular.uasset" 209
"../../../Engine/Content/EngineFonts/Roboto.uasset" 210
"../../../Engine/Content/EngineFonts/Faces/RobotoTiny.uasset" 211
"../../../Engine/Content/EngineFonts/RobotoTiny.uasset" 212
"../../../Engine/Content/EngineMaterials/DefaultBloomKernel.uasset" 213
"../../../Engine/Content/EngineMaterials/DefaultBokeh.uasset" 214
"../../../Engine/Content/EngineMaterials/DefaultDiffuse.uasset" 215
"../../../Engine/Content/EngineMaterials/DefaultDeferredDecalMaterial.uasset" 216
"../../../Engine/Content/EngineMaterials/DefaultLightFunctionMaterial.uasset" 217
"../../../Engine/Content/EngineMaterials/DefaultPhysicalMaterial.uasset" 218
"../../../Engine/Content/Functions/Engine_MaterialFunctions02/Utility/BreakOutFloat2Components.uasset" 219
"../../../Engine/Content/EngineMaterials/DefaultPostProcessMaterial.uasset" 220
"../../../Engine/Content/EngineFonts/RobotoDistanceField.uasset" 221
"../../../Engine/Content/EngineMaterials/DefaultTextMaterialOpaque.uasset" 222
"../../../Engine/Content/EngineMaterials/DefaultWhiteGrid.uasset" 223
"../../../Engine/Content/EngineMaterials/EditorBrushMaterial.uasset" 224
"../../../Engine/Content/EngineMaterials/Good64x64TilingNoiseHighFreq.uasset" 225
"../../../Engine/Content/EngineMaterials/MiniFont.uasset" 226
"../../../Engine/Content/EngineMaterials/InvalidLightmapSettings.uasset" 227
"../../../Engine/Content/EngineMaterials/M_InvalidLightmapSettings.uasset" 228
"../../../Engine/Content/Functions/Engine_MaterialFunctions02/WorldPositionOffset/CameraOffset.uasset" 229
"../../../Engine/Content/EngineMaterials/PhAT_JointLimitMaterial.uasset" 230
"../../../Engine/Content/EngineMaterials/PreintegratedSkinBRDF.uasset" 231
"../../../Engine/Content/EngineMaterials/RemoveSurfaceMaterial.uasset" 232
"../../../Engine/Content/EngineMaterials/WeightMapPlaceholderTexture.uasset" 233
"../../../Engine/Content/EngineResources/WhiteSquareTexture.uasset" 234
"../../../Engine/Content/EngineMaterials/Widget3DPassThrough.uasset" 235
"../../../Engine/Content/EngineMaterials/Widget3DPassThrough_Masked.uasset" 236
"../../../Engine/Content/EngineMaterials/Widget3DPassThrough_Opaque.uasset" 237
"../../../Engine/Content/EngineMaterials/Widget3DPassThrough_Masked_OneSided.uasset" 238
"../../../Engine/Content/EngineMaterials/Widget3DPassThrough_Opaque_OneSided.uasset" 239
"../../../Engine/Content/EngineMaterials/Widget3DPassThrough_Translucent.uasset" 240
"../../../Engine/Content/EngineMaterials/Widget3DPassThrough_Translucent_OneSided.uasset" 241
"../../../Engine/Content/EngineMeshes/Cube.uasset" 242
"../../../Engine/Content/EngineMeshes/Cylinder.uasset" 243
"../../../Engine/Content/EngineMeshes/Sphere.uasset" 244
"../../../Engine/Content/EngineResources/Black.uasset" 245
"../../../Engine/Content/EngineResources/DefaultTexture.uasset" 246
"../../../Engine/Content/EngineResources/DefaultTextureCube.uasset" 247
"../../../Engine/Content/EngineResources/GradientTexture0.uasset" 248
"../../../Engine/Content/EngineSounds/Master.uasset" 249
"../../../Engine/Content/Functions/Engine_MaterialFunctions01/Shading/ConvertFromDiffSpec.uasset" 250
"../../../Engine/Content/Functions/Engine_MaterialFunctions01/Shading/PowerToRoughness.uasset" 251
"../../../Engine/Content/Maps/Templates/Thumbnails/Default.uasset" 252
"../../../Engine/Content/Maps/Templates/Thumbnails/VR-Basic.uasset" 253
"../../../Engine/Content/MobileResources/T_MobileControls_texture.uasset" 254
"../../../Engine/Content/MobileResources/T_MobileMenu2.uasset" 255
"../../../Engine/Content/MobileResources/HUD/AnalogHat.uasset" 256
"../../../Engine/Content/MobileResources/HUD/VirtualJoystick_Background.uasset" 257
"../../../Engine/Content/MobileResources/HUD/VirtualJoystick_Thumb.uasset" 258
"../../../Engine/Content/MobileResources/HUD/DefaultVirtualJoysticks.uasset" 259
"../../../Engine/Content/MobileResources/HUD/LeftVirtualJoystickOnly.uasset" 260
"../../../Engine/Content/MobileResources/HUD/MobileHUDButton1_off.uasset" 261
"../../../Engine/Content/MobileResources/HUD/MobileHUDButton1_on.uasset" 262
"../../../Engine/Content/MobileResources/HUD/MobileHUDButton2_off.uasset" 263
"../../../Engine/Content/MobileResources/HUD/MobileHUDButton2_on.uasset" 264
"../../../Engine/Content/MobileResources/HUD/MobileHUDButton3.uasset" 265
"../../../Engine/Content/MobileResources/HUD/MobileHUDButtonFire.uasset" 266
"../../../Engine/Content/MobileResources/HUD/MobileHUDDirectionPad.uasset" 267
"../../../Engine/Content/MobileResources/HUD/MobileHUDDirectionPad2.uasset" 268
"../../../Engine/Content/MobileResources/HUD/MobileHUDDirectionPad3.uasset" 269
"../../../Engine/Content/MobileResources/HUD/MobileHUDDirectionStick.uasset" 270
"../../../Engine/Content/MobileResources/HUD/T_Castle_ThumbstickInner.uasset" 271
"../../../Engine/Content/MobileResources/HUD/T_Castle_ThumbstickOutter.uasset" 272
"../../../Engine/Content/Tutorial/ContentIntroCurve.uasset" 273
"../../../Engine/Content/Tutorial/Basics/TutorialAssets/icon_tab_Levels_40x.uasset" 274
"../../../Engine/Content/Tutorial/BlueprintTutorials/TutorialAssets/BlueprintInterface_64x.uasset" 275
"../../../Engine/Content/Tutorial/BlueprintTutorials/TutorialAssets/BlueprintMacroLibrary_64x.uasset" 276
"../../../Engine/Content/Tutorial/BlueprintTutorials/TutorialAssets/Blueprint_64x.uasset" 277
"../../../Engine/Content/Tutorial/BlueprintTutorials/TutorialAssets/Tutorial_BP_Interface.uasset" 278
"../../../Engine/Content/Tutorial/Foliage/TutorialAssets/Foliage.uasset" 279
"../../../Engine/Content/Tutorial/Landscape/TutorialAssets/Landscape.uasset" 280
"../../../Engine/Content/Tutorial/Paper2D/TutorialAssets/Paper2DFlipbook_TutorialIcon.uasset" 281
"../../../Engine/Content/Tutorial/Paper2D/TutorialAssets/Paper2DSprite_TutorialIcon.uasset" 282
"../../../Engine/Content/Tutorial/SubEditors/TutorialAssets/icon_Editor_Preferences_General_40x.uasset" 283
"../../../Engine/Content/Tutorial/SubEditors/TutorialAssets/icon_ShowSkeletalMeshes_40x.uasset" 284
"../../../Engine/Content/Tutorial/SubEditors/TutorialAssets/TutorialMaterial.uasset" 285
"../../../Engine/Content/Tutorial/SubEditors/TutorialAssets/T_SmokeSubUV_8X8.uasset" 286
"../../../Engine/Content/Tutorial/SubEditors/TutorialAssets/T_soft_smoke.uasset" 287
"../../../Engine/Content/Tutorial/SubEditors/TutorialAssets/M_smoke_subUV_blackbody.uasset" 288
"../../../Engine/Content/Tutorial/SubEditors/TutorialAssets/TutorialParticleSystem.uasset" 289
"../../../Engine/Content/VREditor/Devices/Generic/GenericHMDMaterial.uasset" 290
"../../../Engine/Content/VREditor/Devices/Generic/GenericHMD.uasset" 291
"../../../Engine/Content/VREditor/FloatingText/LineMaterial.uasset" 292
"../../../Engine/Content/VREditor/FloatingText/JointSphere.uasset" 293
"../../../Engine/Content/VREditor/FloatingText/LineSegmentCylinder.uasset" 294
"../../../Engine/Content/VREditor/Fonts/VRText_RobotoLarge.uasset" 295
"../../../Engine/Content/VREditor/Fonts/VRTextMaterial.uasset" 296
"../../../Engine/Content/VREditor/Fonts/TranslucentVRTextMaterial.uasset" 297
"../../../Engine/Content/VREditor/LaserPointer/CursorPointer.uasset" 298
"../../../Engine/Content/VREditor/LaserPointer/VR_LaserPower_01.uasset" 299
"../../../Engine/Content/VREditor/TransformGizmo/TransformGizmoMaterial.uasset" 300
"../../../Engine/Content/VREditor/LaserPointer/HoverMaterial.uasset" 301
"../../../Engine/Content/VREditor/TransformGizmo/TranslucentTransformGizmoMaterial.uasset" 302
"../../../Engine/Content/VREditor/LaserPointer/TranslucentHoverMaterial.uasset" 303
"../../../Engine/Content/VREditor/LaserPointer/HoverMesh.uasset" 304
"../../../Engine/Content/VREditor/LaserPointer/LaserPointerMaterial.uasset" 305
"../../../Engine/Content/VREditor/LaserPointer/LaserPointerMaterialInst.uasset" 306
"../../../Engine/Content/VREditor/LaserPointer/TranslucentLaserPointerMaterialInst.uasset" 307
"../../../Engine/Content/VREditor/LaserPointer/LaserPointerMesh.uasset" 308
"../../../Engine/Content/VREditor/LaserPointer/LaserPointerMesh_End.uasset" 309
"../../../Engine/Content/VREditor/LaserPointer/LaserPointerMesh_Start.uasset" 310
"../../../Engine/Content/Functions/Engine_MaterialFunctions02/Utility/BreakOutFloat3Components.uasset" 311
"../../../Engine/Content/Functions/Engine_MaterialFunctions02/Math/Transform3x3Matrix.uasset" 312
"../../../Engine/Content/Functions/Engine_MaterialFunctions02/SplitComponents.uasset" 313
"../../../Engine/Content/Functions/Engine_MaterialFunctions02/Utility/MakeFloat3.uasset" 314
"../../../Engine/Content/VREditor/SnapGrid/SnapGridMaterial.uasset" 315
"../../../Engine/Content/VREditor/SnapGrid/SnapGridPlaneMesh.uasset" 316
"../../../Engine/Content/VREditor/Sounds/VR_teleport.uasset" 317
"../../../Engine/Content/VREditor/Sounds/UI/Click_on_Button_Cue.uasset" 318
"../../../Engine/Content/VREditor/Sounds/UI/Dockable_Window_Close.uasset" 319
"../../../Engine/Content/VREditor/Sounds/UI/Dockable_Window_Drop.uasset" 320
"../../../Engine/Content/VREditor/Sounds/UI/Dockable_Window_Open.uasset" 321
"../../../Engine/Content/VREditor/Sounds/UI/Dockable_Window_Pick_Up.uasset" 322
"../../../Engine/Content/VREditor/Sounds/UI/Drop_Item_From_ContentBrowser.uasset" 323
"../../../Engine/Content/VREditor/Sounds/UI/Floating_UI_Open-001.uasset" 324
"../../../Engine/Content/VREditor/Sounds/UI/Gizmo_Handle_Clicked.uasset" 325
"../../../Engine/Content/VREditor/Sounds/UI/Object_PickUp.uasset" 326
"../../../Engine/Content/VREditor/Sounds/UI/Object_Snaps_To_Another_Actor.uasset" 327
"../../../Engine/Content/VREditor/Sounds/UI/Object_Snaps_To_Grid.uasset" 328
"../../../Engine/Content/VREditor/Sounds/UI/Radial_Menu_FadeOut.uasset" 329
"../../../Engine/Content/VREditor/Sounds/UI/Scaling_Down.uasset" 330
"../../../Engine/Content/VREditor/Sounds/UI/Scaling_Up.uasset" 331
"../../../Engine/Content/VREditor/Sounds/UI/Selection_Changes.uasset" 332
"../../../Engine/Content/VREditor/Sounds/UI/Teleport_Mode_Entered.uasset" 333
"../../../Engine/Content/VREditor/Teleport/TeleportDirectionMaterial.uasset" 334
"../../../Engine/Content/VREditor/Teleport/TeleportDirectionMaterial_Inst.uasset" 335
"../../../Engine/Content/VREditor/Teleport/TeleportDirectionMesh.uasset" 336
"../../../Engine/Content/VREditor/TransformGizmo/BoundingBoxCorner.uasset" 337
"../../../Engine/Content/VREditor/TransformGizmo/BoundingBoxEdge.uasset" 338
"../../../Engine/Content/VREditor/TransformGizmo/PlaneTranslationHandle.uasset" 339
"../../../Engine/Content/VREditor/TransformGizmo/RotationHandleFull.uasset" 340
"../../../Engine/Content/VREditor/TransformGizmo/RotationHandleIndicator.uasset" 341
"../../../Engine/Content/VREditor/TransformGizmo/RotationHandleQuarter.uasset" 342
"../../../Engine/Content/VREditor/TransformGizmo/Main.uasset" 343
"../../../Engine/Content/VREditor/TransformGizmo/Xray.uasset" 344
"../../../Engine/Content/VREditor/TransformGizmo/SM_Dialog_Close.uasset" 345
"../../../Engine/Content/VREditor/TransformGizmo/SM_Dialog_Move.uasset" 346
"../../../Engine/Content/VREditor/TransformGizmo/SM_Sequencer_Key.uasset" 347
"../../../Engine/Content/VREditor/TransformGizmo/SM_Sequencer_Node.uasset" 348
"../../../Engine/Content/VREditor/TransformGizmo/StartRotationHandleIndicator.uasset" 349
"../../../Engine/Content/VREditor/TransformGizmo/TranslucentTransformGizmoMaterial_Inst.uasset" 350
"../../../Engine/Content/VREditor/TransformGizmo/TransformGizmoFreeRotation.uasset" 351
"../../../Engine/Content/VREditor/TransformGizmo/TransformGizmoMaterial_Inst.uasset" 352
"../../../Engine/Content/VREditor/TransformGizmo/TranslateArrowHandle.uasset" 353
"../../../Engine/Content/VREditor/TransformGizmo/UniformScaleHandle.uasset" 354
"../../../Engine/Content/VREditor/UI/KeyDiskMaterial.uasset" 355
"../../../Engine/Content/VREditor/UI/DiscMaterial.uasset" 356
"../../../Engine/Content/VREditor/UI/SM_Radial_Disk.uasset" 357
"../../../Engine/Content/VREditor/WorldMovementGrid/SimpleGrid.uasset" 358
"../../../Engine/Content/VREditor/WorldMovementGrid/GridMaterial.uasset" 359
"../../../Engine/Content/Functions/Engine_MaterialFunctions01/Density/ExponentialDensity.uasset" 360
"../../../Engine/Content/VREditor/WorldMovementGrid/GridPostProcess.uasset" 361
"../../../Engine/Content/EditorLandscapeResources/FlattenHeightMat.uasset" 362
"../../../Engine/Content/VREditor/WorldMovementGrid/PlaneMesh.uasset" 363
"../../../Engine/Plugins/2D/Paper2D/Content/PlaceholderTextures/DummySpriteTexture.uasset" 364
"../../../Engine/Plugins/2D/Paper2D/Content/DummySprite.uasset" 365
"../../../Engine/Plugins/2D/Paper2D/Content/DefaultPaperTerrainMaterial.uasset" 366
"../../../Engine/Plugins/2D/Paper2D/Content/DefaultSpriteMaterial.uasset" 367
"../../../Engine/Plugins/2D/Paper2D/Content/MaskedUnlitSpriteMaterial.uasset" 368
"../../../Engine/Plugins/2D/Paper2D/Content/OpaqueUnlitSpriteMaterial.uasset" 369
"../../../Engine/Plugins/Media/MediaCompositing/Content/DefaultMediaPlaneMaterial.uasset" 370
"../../../Engine/Content/Functions/Engine_MaterialFunctions02/Utility/MakeFloat4.uasset" 371
"../../../Engine/Plugins/Runtime/AppleARKit/Content/ARKitCameraMaterial.uasset" 372
"../../../Engine/Plugins/Runtime/Oculus/OculusVR/Content/Textures/GearVRController_AO.uasset" 373
"../../../Engine/Plugins/Runtime/Oculus/OculusVR/Content/Textures/GearVRController_Color.uasset" 374
"../../../Engine/Plugins/Runtime/Oculus/OculusVR/Content/Textures/GearVRController_Normal.uasset" 375
"../../../Engine/Plugins/Runtime/Oculus/OculusVR/Content/Materials/GearVRControllerMaterial.uasset" 376
"../../../Engine/Plugins/Runtime/Oculus/OculusVR/Content/Meshes/GearVrController.uasset" 377
"../../../Engine/Content/EngineSky/C_Sky_Cloud_Color.uasset" 378
"../../../Engine/Content/EngineSky/C_Sky_Horizon_Color.uasset" 379
"../../../Engine/Content/EngineSky/C_Sky_Zenith_Color.uasset" 380
"../../../Engine/Content/EngineSky/T_Sky_Blue.uasset" 381
"../../../Engine/Content/EngineSky/T_Sky_Clouds_M.uasset" 382
"../../../Engine/Content/EngineSky/T_Sky_Stars.uasset" 383
"../../../Engine/Content/EngineSky/M_Sky_Panning_Clouds2.uasset" 384
"../../../Engine/Content/EngineSky/SM_SkySphere.uasset" 385
"../../../Engine/Content/EngineSky/BP_Sky_Sphere.uasset" 386
"../../../ShooterGame1/Content/StarterContent/Textures/T_Brick_Clay_Beveled_D.uasset" 387
"../../../ShooterGame1/Content/StarterContent/Textures/T_Brick_Clay_Beveled_M.uasset" 388
"../../../ShooterGame1/Content/StarterContent/Textures/T_Brick_Clay_Beveled_N.uasset" 389
"../../../ShooterGame1/Content/StarterContent/Textures/T_MacroVariation.uasset" 390
"../../../ShooterGame1/Content/StarterContent/Materials/M_Brick_Clay_Beveled.uasset" 391
"../../../ShooterGame1/Content/StarterContent/Textures/T_CobbleStone_Smooth_D.uasset" 392
"../../../ShooterGame1/Content/StarterContent/Textures/T_CobbleStone_Smooth_M.uasset" 393
"../../../ShooterGame1/Content/StarterContent/Textures/T_CobbleStone_Smooth_N.uasset" 394
"../../../ShooterGame1/Content/StarterContent/Textures/T_Gradinet_01.uasset" 395
"../../../ShooterGame1/Content/StarterContent/Textures/T_Rock_Smooth_Granite_D.uasset" 396
"../../../ShooterGame1/Content/StarterContent/Materials/M_CobbleStone_Smooth.uasset" 397
"../../../ShooterGame1/Content/StarterContent/Architecture/Wall_Door_400x300.uasset" 398
"../../../ShooterGame1/Content/StarterContent/Shapes/Shape_Cube.uasset" 399
"../../../ShooterGame1/Content/FirstPersonCPP/Blueprints/TriggeredDoor.uasset" 400
"../../../ShooterGame1/Content/FirstPersonCPP/Maps/FirstPersonExampleMap_BuiltData.uasset" 401
"../../../Engine/Content/Functions/Engine_MaterialFunctions03/Procedurals/ComputeFilterWidth.uasset" 402
"../../../Engine/Content/EngineMaterials/AntiAliasedTextMaterialTranslucent.uasset" 403
"../../../ShooterGame1/Content/FirstPerson/Meshes/CubeMaterialOverride.uasset" 404
"../../../ShooterGame1/Content/Geometry/Meshes/1M_Cube.uasset" 405
"../../../ShooterGame1/Content/FirstPersonCPP/Maps/FirstPersonExampleMap.umap" 406
"../../../ShooterGame1/Content/FirstPersonCPP/Maps/Level1_BuiltData.uasset" 407
"../../../Engine/Content/MapTemplates/daylight.uasset" 408
"../../../ShooterGame1/Content/FirstPersonCPP/Maps/Level1.umap" 409
"../../../ShooterGame1/Content/StarterContent/Blueprints/Assets/FogBrightnessLUT.uasset" 410
"../../../ShooterGame1/Content/StarterContent/Blueprints/Assets/SunlightColorLUT.uasset" 411
"../../../ShooterGame1/Content/StarterContent/Blueprints/Assets/M_LightStage_Arrows.uasset" 412
"../../../Engine/Content/MapTemplates/Sky/DaylightAmbientCubemap.uasset" 413
"../../../ShooterGame1/Content/StarterContent/Blueprints/Assets/M_LightStage_Skybox_Master.uasset" 414
"../../../ShooterGame1/Content/StarterContent/Blueprints/Assets/M_LightStage_Skybox_Black.uasset" 415
"../../../ShooterGame1/Content/StarterContent/Blueprints/Assets/M_LightStage_Skybox_HDRI.uasset" 416
"../../../Engine/Content/EditorMaterials/Thumbnails/SkySphereMaterial.uasset" 417
"../../../ShooterGame1/Content/StarterContent/Blueprints/Assets/Skybox.uasset" 418
"../../../ShooterGame1/Content/StarterContent/Blueprints/Assets/SM_Arrows.uasset" 419
"../../../ShooterGame1/Content/StarterContent/HDRI/HDRI_Epic_Courtyard_Daylight.uasset" 420
"../../../ShooterGame1/Content/StarterContent/Blueprints/BP_LightStudio.uasset" 421
"../../../ShooterGame1/Content/StarterContent/Maps/Advanced_Lighting_BuiltData.uasset" 422
"../../../ShooterGame1/Content/StarterContent/Materials/M_AssetPlatform.uasset" 423
"../../../Engine/Content/EditorMeshes/ColorCalibrator/M_ChromeBall.uasset" 424
"../../../Engine/Content/EditorMeshes/ColorCalibrator/M_ClearCoat.uasset" 425
"../../../Engine/Content/EditorMeshes/ColorCalibrator/M_ClearCoatBlack.uasset" 426
"../../../Engine/Content/EditorMeshes/ColorCalibrator/Color_checker.uasset" 427
"../../../Engine/Content/EditorMeshes/ColorCalibrator/M_ColorGrid.uasset" 428
"../../../Engine/Content/EditorMeshes/ColorCalibrator/M_GreyBall.uasset" 429
"../../../Engine/Content/EditorMeshes/ColorCalibrator/SM_ColorCalibrator.uasset" 430
"../../../ShooterGame1/Content/StarterContent/Architecture/SM_AssetPlatform.uasset" 431
"../../../ShooterGame1/Content/StarterContent/Maps/Advanced_Lighting.umap" 432
"../../../ShooterGame1/Content/StarterContent/Maps/Minimal_Default_BuiltData.uasset" 433
"../../../ShooterGame1/Content/StarterContent/Materials/M_Metal_Brushed_Nickel.uasset" 434
"../../../ShooterGame1/Content/StarterContent/Textures/T_Metal_Aluminum_D.uasset" 435
"../../../ShooterGame1/Content/StarterContent/Textures/T_Metal_Gold_N.uasset" 436
"../../../ShooterGame1/Content/StarterContent/Materials/M_Metal_Burnished_Steel.uasset" 437
"../../../ShooterGame1/Content/StarterContent/Textures/T_Metal_Copper_D.uasset" 438
"../../../ShooterGame1/Content/StarterContent/Materials/M_Metal_Copper.uasset" 439
"../../../ShooterGame1/Content/StarterContent/Textures/T_Statue_M.uasset" 440
"../../../ShooterGame1/Content/StarterContent/Textures/T_Statue_N.uasset" 441
"../../../ShooterGame1/Content/StarterContent/Props/Materials/M_StatueGlass.uasset" 442
"../../../ShooterGame1/Content/StarterContent/Architecture/Floor_400x400.uasset" 443
"../../../ShooterGame1/Content/StarterContent/Audio/Starter_Background_Cue.uasset" 444
"../../../ShooterGame1/Content/StarterContent/Props/SM_Chair.uasset" 445
"../../../ShooterGame1/Content/StarterContent/Props/Materials/M_Statue.uasset" 446
"../../../ShooterGame1/Content/StarterContent/Props/SM_Statue.uasset" 447
"../../../ShooterGame1/Content/StarterContent/Textures/T_TableRound_M.uasset" 448
"../../../ShooterGame1/Content/StarterContent/Textures/T_TableRound_N.uasset" 449
"../../../ShooterGame1/Content/StarterContent/Props/Materials/M_TableRound.uasset" 450
"../../../ShooterGame1/Content/StarterContent/Props/SM_TableRound.uasset" 451
"../../../ShooterGame1/Content/StarterContent/Maps/Minimal_Default.umap" 452
"../../../ShooterGame1/Content/StarterContent/Audio/Fire01_Cue.uasset" 453
"../../../ShooterGame1/Content/StarterContent/Textures/T_Fire_SubUV.uasset" 454
"../../../ShooterGame1/Content/StarterContent/Textures/T_Fire_Tiled_D.uasset" 455
"../../../ShooterGame1/Content/StarterContent/Particles/Materials/M_Fire_SubUV.uasset" 456
"../../../ShooterGame1/Content/StarterContent/Textures/T_Water_N.uasset" 457
"../../../ShooterGame1/Content/StarterContent/Particles/Materials/M_Heat_Distortion.uasset" 458
"../../../ShooterGame1/Content/StarterContent/Particles/Materials/M_Radial_Gradient.uasset" 459
"../../../ShooterGame1/Content/StarterContent/Particles/P_Fire.uasset" 460
"../../../ShooterGame1/Content/StarterContent/Blueprints/Blueprint_Effect_Fire.uasset" 461
"../../../ShooterGame1/Content/StarterContent/Audio/Smoke01_Cue.uasset" 462
"../../../ShooterGame1/Content/StarterContent/Particles/P_Smoke.uasset" 463
"../../../ShooterGame1/Content/StarterContent/Blueprints/Blueprint_Effect_Smoke.uasset" 464
"../../../ShooterGame1/Content/StarterContent/Audio/Fire_Sparks01_Cue.uasset" 465
"../../../ShooterGame1/Content/StarterContent/Textures/T_Spark_Core.uasset" 466
"../../../ShooterGame1/Content/StarterContent/Particles/Materials/M_Spark.uasset" 467
"../../../ShooterGame1/Content/StarterContent/Particles/P_Sparks.uasset" 468
"../../../ShooterGame1/Content/StarterContent/Blueprints/Blueprint_Effect_Sparks.uasset" 469
"../../../ShooterGame1/Content/StarterContent/Audio/Steam01_Cue.uasset" 470
"../../../ShooterGame1/Content/StarterContent/Particles/P_Steam_Lit.uasset" 471
"../../../ShooterGame1/Content/StarterContent/Blueprints/Blueprint_Effect_Steam.uasset" 472
"../../../ShooterGame1/Content/StarterContent/Textures/T_Lamp_M.uasset" 473
"../../../ShooterGame1/Content/StarterContent/Textures/T_Lamp_N.uasset" 474
"../../../ShooterGame1/Content/StarterContent/Props/Materials/M_Lamp.uasset" 475
"../../../ShooterGame1/Content/StarterContent/Props/SM_Lamp_Ceiling.uasset" 476
"../../../ShooterGame1/Content/StarterContent/Blueprints/Blueprint_CeilingLight.uasset" 477
"../../../ShooterGame1/Content/StarterContent/Props/SM_Lamp_Wall.uasset" 478
"../../../ShooterGame1/Content/StarterContent/Blueprints/Blueprint_WallSconce.uasset" 479
"../../../ShooterGame1/Content/StarterContent/Maps/StarterMap_BuiltData.uasset" 480
"../../../ShooterGame1/Content/StarterContent/Textures/T_Brick_Clay_New_D.uasset" 481
"../../../ShooterGame1/Content/StarterContent/Textures/T_Brick_Clay_New_M.uasset" 482
"../../../ShooterGame1/Content/StarterContent/Textures/T_Brick_Clay_New_N.uasset" 483
"../../../ShooterGame1/Content/StarterContent/Materials/M_Brick_Clay_New.uasset" 484
"../../../ShooterGame1/Content/StarterContent/Textures/T_Brick_Clay_Old_D.uasset" 485
"../../../ShooterGame1/Content/StarterContent/Textures/T_Brick_Clay_Old_N.uasset" 486
"../../../ShooterGame1/Content/StarterContent/Textures/T_Perlin_Noise_M.uasset" 487
"../../../ShooterGame1/Content/StarterContent/Materials/M_Brick_Clay_Old.uasset" 488
"../../../ShooterGame1/Content/StarterContent/Textures/T_Brick_Cut_Stone_D.uasset" 489
"../../../ShooterGame1/Content/StarterContent/Textures/T_Brick_Cut_Stone_N.uasset" 490
"../../../ShooterGame1/Content/StarterContent/Materials/M_Brick_Cut_Stone.uasset" 491
"../../../ShooterGame1/Content/StarterContent/Textures/T_Brick_Hewn_Stone_D.uasset" 492
"../../../ShooterGame1/Content/StarterContent/Textures/T_Brick_Hewn_Stone_M.uasset" 493
"../../../ShooterGame1/Content/StarterContent/Textures/T_Brick_Hewn_Stone_N.uasset" 494
"../../../ShooterGame1/Content/StarterContent/Materials/M_Brick_Hewn_Stone.uasset" 495
"../../../ShooterGame1/Content/StarterContent/Textures/T_Ceramic_Tile_M.uasset" 496
"../../../ShooterGame1/Content/StarterContent/Textures/T_Ceramic_Tile_N.uasset" 497
"../../../ShooterGame1/Content/StarterContent/Textures/T_Rock_Marble_Polished_D.uasset" 498
"../../../ShooterGame1/Content/StarterContent/Materials/M_Ceramic_Tile_Checker.uasset" 499
"../../../ShooterGame1/Content/StarterContent/Textures/T_CobbleStone_Pebble_D.uasset" 500
"../../../ShooterGame1/Content/StarterContent/Textures/T_CobbleStone_Pebble_M.uasset" 501
"../../../ShooterGame1/Content/StarterContent/Textures/T_CobbleStone_Pebble_N.uasset" 502
"../../../ShooterGame1/Content/StarterContent/Materials/M_CobbleStone_Pebble.uasset" 503
"../../../ShooterGame1/Content/StarterContent/Textures/T_CobbleStone_Rough_D.uasset" 504
"../../../ShooterGame1/Content/StarterContent/Textures/T_CobbleStone_Rough_N.uasset" 505
"../../../ShooterGame1/Content/StarterContent/Materials/M_CobbleStone_Rough.uasset" 506
"../../../ShooterGame1/Content/StarterContent/Textures/T_Concrete_Grime_D.uasset" 507
"../../../ShooterGame1/Content/StarterContent/Textures/T_Metal_Rust_N.uasset" 508
"../../../ShooterGame1/Content/StarterContent/Materials/M_Concrete_Grime.uasset" 509
"../../../ShooterGame1/Content/StarterContent/Textures/T_Concrete_Panels_D.uasset" 510
"../../../ShooterGame1/Content/StarterContent/Textures/T_Concrete_Panels_N.uasset" 511
"../../../ShooterGame1/Content/StarterContent/Materials/M_Concrete_Panels.uasset" 512
"../../../ShooterGame1/Content/StarterContent/Textures/T_Concrete_Poured_D.uasset" 513
"../../../ShooterGame1/Content/StarterContent/Textures/T_Concrete_Poured_N.uasset" 514
"../../../ShooterGame1/Content/StarterContent/Materials/M_Concrete_Poured.uasset" 515
"../../../ShooterGame1/Content/StarterContent/Textures/T_Concrete_Tiles_D.uasset" 516
"../../../ShooterGame1/Content/StarterContent/Textures/T_Concrete_Tiles_M.uasset" 517
"../../../ShooterGame1/Content/StarterContent/Textures/T_Concrete_Tiles_N.uasset" 518
"../../../ShooterGame1/Content/StarterContent/Textures/T_Concrete_Tiles_Variation_M.uasset" 519
"../../../ShooterGame1/Content/StarterContent/Materials/M_Concrete_Tiles.uasset" 520
"../../../ShooterGame1/Content/StarterContent/Textures/T_Ground_Grass_D.uasset" 521
"../../../ShooterGame1/Content/StarterContent/Textures/T_Ground_Grass_N.uasset" 522
"../../../ShooterGame1/Content/StarterContent/Materials/M_Ground_Grass.uasset" 523
"../../../ShooterGame1/Content/StarterContent/Textures/T_Ground_Gravel_D.uasset" 524
"../../../ShooterGame1/Content/StarterContent/Textures/T_Ground_Gravel_N.uasset" 525
"../../../ShooterGame1/Content/StarterContent/Materials/M_Ground_Gravel.uasset" 526
"../../../ShooterGame1/Content/StarterContent/Textures/T_ground_Moss_D.uasset" 527
"../../../ShooterGame1/Content/StarterContent/Textures/T_Ground_Moss_N.uasset" 528
"../../../ShooterGame1/Content/StarterContent/Materials/M_Ground_Moss.uasset" 529
"../../../ShooterGame1/Content/StarterContent/Materials/M_Metal_Chrome.uasset" 530
"../../../ShooterGame1/Content/StarterContent/Textures/T_Metal_Gold_D.uasset" 531
"../../../ShooterGame1/Content/StarterContent/Materials/M_Metal_Gold.uasset" 532
"../../../ShooterGame1/Content/StarterContent/Textures/T_Metal_Rust_D.uasset" 533
"../../../ShooterGame1/Content/StarterContent/Materials/M_Metal_Rust.uasset" 534
"../../../ShooterGame1/Content/StarterContent/Textures/T_Metal_Steel_D.uasset" 535
"../../../ShooterGame1/Content/StarterContent/Textures/T_Metal_Steel_N.uasset" 536
"../../../ShooterGame1/Content/StarterContent/Materials/M_Metal_Steel.uasset" 537
"../../../ShooterGame1/Content/StarterContent/Textures/T_Rock_Basalt_N.uasset" 538
"../../../ShooterGame1/Content/StarterContent/Materials/M_Rock_Basalt.uasset" 539
"../../../ShooterGame1/Content/StarterContent/Materials/M_Rock_Marble_Polished.uasset" 540
"../../../ShooterGame1/Content/StarterContent/Textures/T_Rock_Sandstone_D.uasset" 541
"../../../ShooterGame1/Content/StarterContent/Textures/T_Rock_Sandstone_N.uasset" 542
"../../../ShooterGame1/Content/StarterContent/Materials/M_Rock_Sandstone.uasset" 543
"../../../ShooterGame1/Content/StarterContent/Textures/T_Rock_Slate_D.uasset" 544
"../../../ShooterGame1/Content/StarterContent/Textures/T_Rock_Slate_N.uasset" 545
"../../../ShooterGame1/Content/StarterContent/Materials/M_Rock_Slate.uasset" 546
"../../../ShooterGame1/Content/StarterContent/Textures/T_Checker_Noise_M.uasset" 547
"../../../ShooterGame1/Content/StarterContent/Textures/T_Single_Tile_N.uasset" 548
"../../../ShooterGame1/Content/StarterContent/Textures/T_Tech_Dot_M.uasset" 549
"../../../ShooterGame1/Content/StarterContent/Textures/T_Tech_Dot_N.uasset" 550
"../../../ShooterGame1/Content/StarterContent/Materials/M_Tech_Checker_Dot.uasset" 551
"../../../ShooterGame1/Content/StarterContent/Textures/T_Tech_Hex_Tile_M.uasset" 552
"../../../ShooterGame1/Content/StarterContent/Textures/T_Tech_Hex_Tile_N.uasset" 553
"../../../ShooterGame1/Content/StarterContent/Materials/M_Tech_Hex_Tile.uasset" 554
"../../../ShooterGame1/Content/StarterContent/Materials/M_Tech_Hex_Tile_Pulse.uasset" 555
"../../../ShooterGame1/Content/StarterContent/Textures/T_Tech_Panel_M.uasset" 556
"../../../ShooterGame1/Content/StarterContent/Textures/T_Tech_Panel_N.uasset" 557
"../../../ShooterGame1/Content/StarterContent/Materials/M_Tech_Panel.uasset" 558
"../../../ShooterGame1/Content/StarterContent/Materials/M_Water_Lake.uasset" 559
"../../../ShooterGame1/Content/StarterContent/Textures/T_Water_M.uasset" 560
"../../../ShooterGame1/Content/StarterContent/Materials/M_Water_Ocean.uasset" 561
"../../../ShooterGame1/Content/StarterContent/Textures/T_Wood_Floor_Walnut_D.uasset" 562
"../../../ShooterGame1/Content/StarterContent/Textures/T_Wood_Floor_Walnut_M.uasset" 563
"../../../ShooterGame1/Content/StarterContent/Textures/T_Wood_Floor_Walnut_N.uasset" 564
"../../../ShooterGame1/Content/StarterContent/Materials/M_Wood_Floor_Walnut_Polished.uasset" 565
"../../../Engine/Content/Functions/Engine_MaterialFunctions01/Opacity/AlphaOffset.uasset" 566
"../../../ShooterGame1/Content/StarterContent/Materials/M_Wood_Floor_Walnut_Worn.uasset" 567
"../../../ShooterGame1/Content/StarterContent/Textures/T_Wood_Oak_D.uasset" 568
"../../../ShooterGame1/Content/StarterContent/Textures/T_Wood_Oak_N.uasset" 569
"../../../ShooterGame1/Content/StarterContent/Materials/M_Wood_Oak.uasset" 570
"../../../ShooterGame1/Content/StarterContent/Textures/T_Wood_Pine_D.uasset" 571
"../../../ShooterGame1/Content/StarterContent/Textures/T_Wood_Pine_N.uasset" 572
"../../../ShooterGame1/Content/StarterContent/Materials/M_Wood_Pine.uasset" 573
"../../../ShooterGame1/Content/StarterContent/Textures/T_Wood_Walnut_D.uasset" 574
"../../../ShooterGame1/Content/StarterContent/Textures/T_Wood_Walnut_N.uasset" 575
"../../../ShooterGame1/Content/StarterContent/Materials/M_Wood_Walnut.uasset" 576
"../../../ShooterGame1/Content/StarterContent/Architecture/Wall_400x200.uasset" 577
"../../../ShooterGame1/Content/StarterContent/Architecture/Wall_Window_400x300.uasset" 578
"../../../ShooterGame1/Content/StarterContent/Audio/Collapse_Cue.uasset" 579
"../../../ShooterGame1/Content/StarterContent/Audio/Starter_Music_Cue.uasset" 580
"../../../ShooterGame1/Content/StarterContent/Textures/T_Dust_Particle_D.uasset" 581
"../../../ShooterGame1/Content/StarterContent/Particles/Materials/M_Dust_Particle.uasset" 582
"../../../ShooterGame1/Content/StarterContent/Particles/P_Ambient_Dust.uasset" 583
"../../../ShooterGame1/Content/StarterContent/Props/MaterialSphere.uasset" 584
"../../../ShooterGame1/Content/StarterContent/Textures/T_Frame_M.uasset" 585
"../../../ShooterGame1/Content/StarterContent/Textures/T_Frame_N.uasset" 586
"../../../ShooterGame1/Content/StarterContent/Props/Materials/M_Frame.uasset" 587
"../../../ShooterGame1/Content/StarterContent/Props/SM_CornerFrame.uasset" 588
"../../../ShooterGame1/Content/StarterContent/Props/SM_DoorFrame.uasset" 589
"../../../ShooterGame1/Content/StarterContent/Props/SM_GlassWindow.uasset" 590
"../../../ShooterGame1/Content/StarterContent/Props/SM_PillarFrame.uasset" 591
"../../../ShooterGame1/Content/StarterContent/Props/SM_PillarFrame300.uasset" 592
"../../../ShooterGame1/Content/StarterContent/Props/SM_WindowFrame.uasset" 593
"../../../ShooterGame1/Content/StarterContent/Shapes/Shape_QuadPyramid.uasset" 594
"../../../ShooterGame1/Content/StarterContent/Shapes/Shape_Sphere.uasset" 595
"../../../ShooterGame1/Content/StarterContent/Maps/StarterMap.umap" 596
"../../../Engine/Content/Maps/Entry.umap" 597
